<?xml version="1.0" encoding="utf-8"?><testsuites name="pytest tests"><testsuite name="pytest" errors="0" failures="0" skipped="0" tests="7" time="5.904" timestamp="2026-08-21T21:58:33.996684+00:00" hostname="agent-env-dd4d3255-2bf5-49f9-851b-61fc6791924a"><testcase classname="tests.test_safetap_api" name="test_readiness" time="1.953" /><testcase classname="tests.test_safetap_api" name="test_demo_login_all_roles[victim]" time="0.126" /><testcase classname="tests.test_safetap_api" name="test_demo_login_all_roles[investigator]" time="0.168" /><testcase classname="tests.test_safetap_api" name="test_demo_login_all_roles[admin]" time="0.155" /><testcase classname="tests.test_safetap_api" name="test_invalid_credentials_rejected" time="0.126" /><testcase classname="tests.test_safetap_api" name="test_scan_creates_case_and_returns_explainable_result" time="2.489" /><testcase classname="tests.test_safetap_api" name="test_overviews_return_expected_contract" time="0.555" /></testsuite></testsuites>