<?xml version="1.0" encoding="utf-8"?><testsuites name="pytest tests"><testsuite name="pytest" errors="0" failures="0" skipped="0" tests="7" time="4.418" timestamp="2026-08-21T21:57:24.842210+00:00" hostname="agent-env-dd4d3255-2bf5-49f9-851b-61fc6791924a"><testcase classname="tests.test_safetap_api" name="test_readiness" time="0.323" /><testcase classname="tests.test_safetap_api" name="test_demo_login_all_roles[victim]" time="0.162" /><testcase classname="tests.test_safetap_api" name="test_demo_login_all_roles[investigator]" time="0.142" /><testcase classname="tests.test_safetap_api" name="test_demo_login_all_roles[admin]" time="0.191" /><testcase classname="tests.test_safetap_api" name="test_invalid_credentials_rejected" time="0.158" /><testcase classname="tests.test_safetap_api" name="test_scan_creates_case_and_returns_explainable_result" time="2.738" /><testcase classname="tests.test_safetap_api" name="test_overviews_return_expected_contract" time="0.383" /></testsuite></testsuites>