<?xml version="1.0" encoding="utf-8"?><testsuites name="pytest tests"><testsuite name="pytest" errors="0" failures="0" skipped="0" tests="12" time="4.549" timestamp="2026-08-22T03:14:43.290807+00:00" hostname="agent-env-dd4d3255-2bf5-49f9-851b-61fc6791924a"><testcase classname="tests.test_iteration_7_regression" name="test_login_all_roles[victim]" time="0.123" /><testcase classname="tests.test_iteration_7_regression" name="test_login_all_roles[investigator]" time="0.150" /><testcase classname="tests.test_iteration_7_regression" name="test_login_all_roles[admin]" time="0.117" /><testcase classname="tests.test_iteration_7_regression" name="test_scan_url" time="2.667" /><testcase classname="tests.test_iteration_7_regression" name="test_scan_screenshot" time="0.353" /><testcase classname="tests.test_iteration_7_regression" name="test_scan_social" time="0.105" /><testcase classname="tests.test_iteration_7_regression" name="test_reports_mine_victim" time="0.103" /><testcase classname="tests.test_iteration_7_regression" name="test_report_detail_returns_evidence" time="0.219" /><testcase classname="tests.test_iteration_7_regression" name="test_graph_endpoint" time="0.092" /><testcase classname="tests.test_iteration_7_regression" name="test_victim_forbidden_from_cases" time="0.094" /><testcase classname="tests.test_iteration_7_regression" name="test_victim_forbidden_from_investigator_overview" time="0.109" /><testcase classname="tests.test_iteration_7_regression" name="test_victim_forbidden_from_admin_overview" time="0.109" /></testsuite></testsuites>