<?xml version="1.0" encoding="utf-8"?><testsuites name="pytest tests"><testsuite name="pytest" errors="0" failures="0" skipped="0" tests="19" time="20.758" timestamp="2026-08-22T04:11:15.591722+00:00" hostname="agent-env-dd4d3255-2bf5-49f9-851b-61fc6791924a"><testcase classname="tests.test_iteration_8_scan" name="test_high_risk_url[paypa1-verify-account.com-50-likely phishing-Brand look-alike (paypal)]" time="2.734" /><testcase classname="tests.test_iteration_8_scan" name="test_high_risk_url[amaz0n-login.tk-55-likely phishing-Brand look-alike (amazon)]" time="2.713" /><testcase classname="tests.test_iteration_8_scan" name="test_high_risk_url[192.168.1.4/login-55-likely phishing-IP address instead of domain]" time="2.989" /><testcase classname="tests.test_iteration_8_scan" name="test_high_risk_url[https://microsoftt-secure.xyz/update-60-likely phishing-Suspicious TLD]" time="2.743" /><testcase classname="tests.test_iteration_8_scan" name="test_high_risk_url[microsoft-login-alert.net/verify-90-known/reported phishing-None]" time="2.313" /><testcase classname="tests.test_iteration_8_scan" name="test_low_risk_url[https://google.com-15]" time="2.547" /><testcase classname="tests.test_iteration_8_scan" name="test_low_risk_url[https://paypal.com/login-25]" time="2.804" /><testcase classname="tests.test_iteration_8_scan" name="test_login_all_roles[victim]" time="0.145" /><testcase classname="tests.test_iteration_8_scan" name="test_login_all_roles[investigator]" time="0.098" /><testcase classname="tests.test_iteration_8_scan" name="test_login_all_roles[admin]" time="0.100" /><testcase classname="tests.test_iteration_8_scan" name="test_scan_screenshot" time="0.285" /><testcase classname="tests.test_iteration_8_scan" name="test_scan_social" time="0.108" /><testcase classname="tests.test_iteration_8_scan" name="test_reports_mine" time="0.118" /><testcase classname="tests.test_iteration_8_scan" name="test_report_detail" time="0.221" /><testcase classname="tests.test_iteration_8_scan" name="test_graph" time="0.103" /><testcase classname="tests.test_iteration_8_scan" name="test_assistant_languages" time="0.102" /><testcase classname="tests.test_iteration_8_scan" name="test_victim_forbidden_cases" time="0.096" /><testcase classname="tests.test_iteration_8_scan" name="test_victim_forbidden_investigator" time="0.100" /><testcase classname="tests.test_iteration_8_scan" name="test_victim_forbidden_admin" time="0.100" /></testsuite></testsuites>