<?xml version="1.0" encoding="utf-8"?><testsuites name="pytest tests"><testsuite name="pytest" errors="0" failures="0" skipped="0" tests="8" time="4.480" timestamp="2026-08-21T22:01:14.312223+00:00" hostname="agent-env-dd4d3255-2bf5-49f9-851b-61fc6791924a"><testcase classname="tests.test_safetap_api" name="test_readiness" time="0.160" /><testcase classname="tests.test_safetap_api" name="test_demo_login_all_roles[victim]" time="0.155" /><testcase classname="tests.test_safetap_api" name="test_demo_login_all_roles[investigator]" time="0.159" /><testcase classname="tests.test_safetap_api" name="test_demo_login_all_roles[admin]" time="0.109" /><testcase classname="tests.test_safetap_api" name="test_invalid_credentials_rejected" time="0.159" /><testcase classname="tests.test_safetap_api" name="test_scan_creates_case_and_returns_explainable_result" time="2.547" /><testcase classname="tests.test_safetap_api" name="test_overviews_return_expected_contract" time="0.541" /><testcase classname="tests.test_safetap_api" name="test_cases_requires_privileged_role" time="0.329" /></testsuite></testsuites>