<?xml version="1.0" encoding="utf-8"?><testsuites name="pytest tests"><testsuite name="pytest" errors="0" failures="0" skipped="0" tests="24" time="29.709" timestamp="2026-08-21T22:33:23.598375+00:00" hostname="agent-env-dd4d3255-2bf5-49f9-851b-61fc6791924a"><testcase classname="tests.test_safetap_new_features" name="test_login_all_roles[victim]" time="0.367" /><testcase classname="tests.test_safetap_new_features" name="test_login_all_roles[investigator]" time="0.159" /><testcase classname="tests.test_safetap_new_features" name="test_login_all_roles[admin]" time="0.118" /><testcase classname="tests.test_safetap_new_features" name="test_login_wrong_role_rejected" time="0.159" /><testcase classname="tests.test_safetap_new_features" name="test_url_scan_flags_known_phishing" time="2.576" /><testcase classname="tests.test_safetap_new_features" name="test_screenshot_scan_and_reupload" time="3.389" /><testcase classname="tests.test_safetap_new_features" name="test_screenshot_scan_bad_base64" time="0.207" /><testcase classname="tests.test_safetap_new_features" name="test_social_scan_extracts_url_and_flags_scam" time="0.212" /><testcase classname="tests.test_safetap_new_features" name="test_social_scan_requires_input" time="0.292" /><testcase classname="tests.test_safetap_new_features" name="test_reports_mine_victim_scoped" time="2.996" /><testcase classname="tests.test_safetap_new_features" name="test_report_detail_victim_403_for_others" time="2.730" /><testcase classname="tests.test_safetap_new_features" name="test_report_detail_not_found" time="0.335" /><testcase classname="tests.test_safetap_new_features" name="test_assistant_languages_list" time="0.168" /><testcase classname="tests.test_safetap_new_features" name="test_assistant_transcribe_wav" time="0.257" /><testcase classname="tests.test_safetap_new_features" name="test_assistant_transcribe_bad_audio" time="0.182" /><testcase classname="tests.test_safetap_new_features" name="test_assistant_reply_language[en]" time="5.192" /><testcase classname="tests.test_safetap_new_features" name="test_assistant_reply_language[hi]" time="6.445" /><testcase classname="tests.test_safetap_new_features" name="test_assistant_reply_unsupported_language" time="0.260" /><testcase classname="tests.test_safetap_new_features" name="test_graph_victim_scoped" time="2.291" /><testcase classname="tests.test_safetap_new_features" name="test_victim_cannot_access_privileged[/api/cases]" time="0.216" /><testcase classname="tests.test_safetap_new_features" name="test_victim_cannot_access_privileged[/api/investigator/overview]" time="0.205" /><testcase classname="tests.test_safetap_new_features" name="test_victim_cannot_access_privileged[/api/admin/overview]" time="0.195" /><testcase classname="tests.test_safetap_new_features" name="test_investigator_overview_new_fields" time="0.211" /><testcase classname="tests.test_safetap_new_features" name="test_admin_overview_languages" time="0.202" /></testsuite></testsuites>