<?xml version="1.0" encoding="utf-8"?><testsuites name="pytest tests"><testsuite name="pytest" errors="0" failures="0" skipped="0" tests="7" time="1.752" timestamp="2026-08-21T21:54:01.361453+00:00" hostname="agent-env-dd4d3255-2bf5-49f9-851b-61fc6791924a"><testcase classname="tests.test_safetap_api" name="test_readiness" time="0.245" /><testcase classname="tests.test_safetap_api" name="test_demo_login_all_roles[victim]" time="0.264" /><testcase classname="tests.test_safetap_api" name="test_demo_login_all_roles[investigator]" time="0.136" /><testcase classname="tests.test_safetap_api" name="test_demo_login_all_roles[admin]" time="0.197" /><testcase classname="tests.test_safetap_api" name="test_invalid_credentials_rejected" time="0.166" /><testcase classname="tests.test_safetap_api" name="test_scan_creates_case_and_returns_explainable_result" time="0.222" /><testcase classname="tests.test_safetap_api" name="test_overviews_return_expected_contract" time="0.202" /></testsuite></testsuites>